<?xml version="1.0" encoding="UTF-8"?>
<!-- Generated by org.testng.reporters.JUnitReportReporter -->
<testsuite hostname="AT" failures="0" tests="1" name="Test_TestNG.Fc_Register" time="8.356" errors="0" timestamp="2023-04-18T16:23:11 ICT" skipped="0">
  <testcase classname="Test_TestNG.Fc_Register" name="leave_blank" time="8.356"/>
  <system-out/>
</testsuite> <!-- Test_TestNG.Fc_Register -->
